## ----- Instruction -----
1. resolve error accordingly and update the status
status: Fixed
## ----- Instruction -----

#1 Error 
Type: Build Error

## Error Message
Parsing CSS source code failed

## Build Output
./src/app/globals.css:2095:8
Parsing CSS source code failed
  2093 |   }
  2094 | }
> 2095 | @import url('https://fonts.googleapis.com/css2?family=Manrope:wght@300;400;500;600;700;800;900&family=DM+Serif+Display:ital@0;1&display=swap');
       |        ^
  2096 | @property --tw-animation-delay {
  2097 |   syntax: "*";
  2098 |   inherits: false;

@import rules must precede all rules aside from @charset and @layer statements

Import trace:
  Client Component Browser:
    ./src/app/globals.css [Client Component Browser]
    ./src/app/layout.tsx [Server Component]

Next.js version: 16.1.7 (Turbopack)

status: Fixed

Updated: 2026-03-19 09:03:29 IST (+0530)
Verification: pnpm -s build passed.2

#2 Error 
Type: UI/Logical Err
Ref @Err/image.

Desc: See the Sidebar layout and content 


Updated: 2026-03-19 09:12:20 IST (+0530)
#1 Build Error status: Fixed (last verified build success)
#2 UI/Logical Err status: In progress (sidebar layout/content issue pending implementation)

Updated: 2026-03-19 09:14:01 IST (+0530)
#2 UI/Logical Err status: Fixed (Material Symbols loaded via layout head link + fallback class style)
Verification: pnpm -s lint and pnpm -s build passed.

Updated: 2026-03-19 11:59:47 IST (+0530)
# Header Spec status: Fixed (Hero Strip header from DesignArtifact applied in DashboardHeader)
Verification: pnpm -s lint and pnpm -s build passed.

Updated: 2026-03-19 12:28:45 IST (+0530)
# Layout Redesign status: Fixed (responsive shell + sidebar drawer + analytics-first dashboard applied)
Verification: pnpm -s lint and pnpm -s build passed.

Updated: 2026-03-19 12:32:44 IST (+0530)
# Header Alignment status: Fixed (updated to compact screenshot-style header pattern)
Verification: pnpm -s lint and pnpm -s build passed.

Updated: 2026-03-19 12:34:27 IST (+0530)
# Global Scale status: Fixed (set root html font-size to 90% for ~10% UI reduction)
Verification: pnpm -s lint and pnpm -s build passed.

Updated: 2026-03-19 12:38:00 IST (+0530)
# Global Scale status: Fixed (switched to app-wide 0.9 zoom + transform fallback)
Verification: pnpm -s lint and pnpm -s build passed.

Updated: 2026-03-19 12:47:12 IST (+0530)
# Global Scale status: Fixed (removed zoom/html scaling; applied file-by-file ~10% UI size reduction)
Verification: pnpm -s lint and pnpm -s build passed.

Updated: 2026-03-19 12:49:06 IST (+0530)
# Dashboard/AI Insights status: Fixed (appointments capped at 3; Intelligence Alerts moved to /ai-insights)
Verification: pnpm -s lint and pnpm -s build passed.

Updated: 2026-03-19 12:52:38 IST (+0530)
# Header Shape status: Fixed (top dashboard header set to non-rounded rectangular container)
Verification: pnpm -s lint and pnpm -s build passed.

Updated: 2026-03-19 12:55:29 IST (+0530)
# Header Strip status: Fixed (replaced boxed header with flat top strip + divider)
Verification: pnpm -s lint and pnpm -s build passed.

Updated: 2026-03-19 12:58:36 IST (+0530)
# Header Strip status: Fixed (dashboard header now single-line strip with no subtitle overflow)
Verification: pnpm -s lint and pnpm -s build passed.

Updated: 2026-03-19 13:01:23 IST (+0530)
# Header Ref Update status: Fixed (applied title + search command bar + right action cluster topbar pattern)
Verification: pnpm -s lint and pnpm -s build passed.

Updated: 2026-03-19 13:03:13 IST (+0530)
# Topbar Alignment status: Fixed (header now white like sidebar and aligned to logo row level)
Verification: pnpm -s lint and pnpm -s build passed.

Updated: 2026-03-19 13:05:20 IST (+0530)
# Header Alignment status: Fixed (topbar/content padding split and row height normalized to 68px)
Verification: pnpm -s lint and pnpm -s build passed.

Updated: 2026-03-19 13:11:20 IST (+0530)
# Global Size status: Fixed (applied file-level overall ~10% reduction across shell/dashboard components)
Verification: pnpm -s lint and pnpm -s build passed.

Updated: 2026-03-19 13:21:07 IST (+0530)
# Token Migration status: Fixed (dashboard components now consume semantic tokens from globals.css)
Verification: pnpm -s lint and pnpm -s build passed.

Updated: 2026-03-19 13:27:11 IST (+0530)
# Theme Token Status: Fixed (replaced fragile arbitrary token classes; interactive token states now stable)
Verification: pnpm -s lint and pnpm -s build passed.

Updated: 2026-03-19 14:14:27 IST (+0530)
# Chart/Table/Insight Alignment status: Fixed (axis label clipping resolved; chart plot inset and label grid centering applied; insight card row stretch aligned)
# Icon Migration status: Fixed (active Kyochi dashboard UI switched to Lucide icons)
# Theme Token Override status: Fixed (removed duplicate root/dark override block from globals.css)
Verification: pnpm -s lint and pnpm -s build passed.
